<?xml version="1.0" encoding="UTF-8"?>
<!-- Generated by org.testng.reporters.JUnitReportReporter -->
<testsuite hostname="LAPTOP-39ALHBPR" failures="0" tests="3" name="Main" time="75.909" errors="0" timestamp="2022-12-28T19:29:52 SGT" skipped="0">
  <testcase classname="Main" name="Scenario_3" time="24.509"/>
  <system-out/>
  <testcase classname="Main" name="Scenario_2" time="25.944"/>
  <system-out/>
  <testcase classname="Main" name="Scenario_1" time="25.456"/>
  <system-out/>
</testsuite> <!-- Main -->
