<?xml version="1.0" encoding="UTF-8"?>
<!-- Generated by org.testng.reporters.JUnitReportReporter -->
<testsuite hostname="LAPTOP-39ALHBPR" failures="0" tests="3" name="Main" time="60.092" errors="0" timestamp="2022-12-28T20:17:00 SGT" skipped="0">
  <testcase classname="Main" name="Scenario_3" time="8.499"/>
  <system-out/>
  <testcase classname="Main" name="Scenario_1" time="25.763"/>
  <system-out/>
  <testcase classname="Main" name="Scenario_2" time="25.830"/>
  <system-out/>
</testsuite> <!-- Main -->
